{
  "RSpec": {
    "coverage": {
      "/Users/abigailmakovsky/Projects/Makers-week-10/bank_test/lib/bank_account.rb": {
        "lines": [
          1,
          null,
          1,
          1,
          7,
          7,
          null,
          null,
          1,
          10,
          10,
          10,
          null,
          10,
          null,
          null,
          1,
          2,
          2,
          2,
          null,
          2,
          null,
          null,
          1,
          3,
          null,
          null,
          1,
          6,
          null,
          null,
          null,
          null,
          null,
          null,
          null,
          null,
          null,
          null,
          null,
          null,
          null,
          null,
          null,
          null,
          null,
          null,
          null,
          null,
          null,
          null,
          null,
          null,
          null,
          null,
          null,
          null,
          null,
          null,
          null,
          null,
          null
        ]
      },
      "/Users/abigailmakovsky/Projects/Makers-week-10/bank_test/lib/transaction.rb": {
        "lines": [
          null,
          1,
          1,
          null,
          1,
          12,
          12,
          12,
          12,
          null,
          null
        ]
      },
      "/Users/abigailmakovsky/Projects/Makers-week-10/bank_test/spec/integration_spec.rb": {
        "lines": [
          1,
          1,
          null,
          1,
          1,
          1,
          null,
          1,
          null,
          1,
          1,
          1,
          1,
          1,
          null,
          2,
          null,
          null,
          1,
          1,
          1,
          1,
          1,
          null,
          1,
          null,
          null,
          2,
          null,
          null,
          1,
          1,
          1,
          1,
          1,
          1,
          1,
          null,
          null,
          null,
          2,
          null,
          null
        ]
      },
      "/Users/abigailmakovsky/Projects/Makers-week-10/bank_test/lib/statement.rb": {
        "lines": [
          1,
          1,
          null,
          null,
          1,
          null,
          1,
          null,
          6,
          6,
          null,
          6,
          12,
          null,
          null,
          null,
          1,
          38,
          null,
          null,
          25,
          null,
          null,
          null
        ]
      },
      "/Users/abigailmakovsky/Projects/Makers-week-10/bank_test/spec/statement_spec.rb": {
        "lines": [
          1,
          1,
          null,
          1,
          null,
          1,
          null,
          1,
          1,
          1,
          null,
          null,
          1,
          1,
          1,
          null,
          null,
          1,
          1,
          1,
          1,
          null,
          1,
          null,
          null,
          1,
          null,
          2,
          null,
          null,
          1,
          1,
          1,
          1,
          1,
          null,
          1,
          null,
          null,
          null,
          1,
          null,
          2,
          null,
          null,
          null,
          1,
          1,
          1,
          1,
          1,
          null,
          1,
          null,
          1,
          null,
          null,
          null,
          null,
          1,
          null,
          2,
          null,
          null,
          null
        ]
      }
    },
    "timestamp": 1679424155
  }
}
