{
  "RSpec": {
    "coverage": {
      "/Users/abigailmakovsky/Projects/Makers-week-10/bank_test/lib/bank_account.rb": {
        "lines": [
          null,
          1,
          1,
          6,
          6,
          null,
          null,
          1,
          8,
          8,
          8,
          null,
          8,
          null,
          null,
          1,
          2,
          2,
          2,
          null,
          2,
          null,
          null,
          1,
          2,
          null,
          2,
          4,
          null,
          null,
          null,
          1,
          4,
          null,
          null,
          1,
          3,
          null,
          null,
          null,
          null,
          null,
          null,
          null,
          null,
          null,
          null
        ]
      }
    },
    "timestamp": 1679328566
  }
}
